[debug] [2023-01-11T12:54:16.382Z] ----------------------------------------------------------------------
[debug] [2023-01-11T12:54:16.385Z] Command:       C:\Program Files\nodejs\node.exe C:\Users\cxy\AppData\Roaming\npm\node_modules\firebase-tools\lib\bin\firebase.js init hosting
[debug] [2023-01-11T12:54:16.386Z] CLI Version:   11.20.0
[debug] [2023-01-11T12:54:16.386Z] Platform:      win32
[debug] [2023-01-11T12:54:16.386Z] Node Version:  v16.15.1
[debug] [2023-01-11T12:54:16.388Z] Time:          Wed Jan 11 2023 18:24:16 GMT+0530 (India Standard Time)
[debug] [2023-01-11T12:54:16.388Z] ----------------------------------------------------------------------
[debug] 
[debug] [2023-01-11T12:54:16.409Z] > command requires scopes: ["email","openid","https://www.googleapis.com/auth/cloudplatformprojects.readonly","https://www.googleapis.com/auth/firebase","https://www.googleapis.com/auth/cloud-platform"]
[debug] [2023-01-11T12:54:16.410Z] > authorizing via signed-in user (siddshadab7@gmail.com)
[info] 
     ######## #### ########  ######## ########     ###     ######  ########
     ##        ##  ##     ## ##       ##     ##  ##   ##  ##       ##
     ######    ##  ########  ######   ########  #########  ######  ######
     ##        ##  ##    ##  ##       ##     ## ##     ##       ## ##
     ##       #### ##     ## ######## ########  ##     ##  ######  ########

You're about to initialize a Firebase project in this directory:

  D:\Shadab\__Max_Transport\responsive-website-delivery

[info] 
=== Project Setup
[info] 
[info] First, let's associate this project directory with a Firebase project.
[info] You can create multiple project aliases by running firebase use --add, 
[info] but for now we'll just set up a default project.
[info] 
[debug] [2023-01-11T12:54:20.218Z] >>> [apiv2][query] GET https://firebase.googleapis.com/v1beta1/projects pageSize=100
[debug] [2023-01-11T12:54:21.160Z] <<< [apiv2][status] GET https://firebase.googleapis.com/v1beta1/projects 200
[debug] [2023-01-11T12:54:21.160Z] <<< [apiv2][body] GET https://firebase.googleapis.com/v1beta1/projects [omitted]
[info] i  Using project maxlogistics-3566f (MaxLogistics) 
[info] 
=== Hosting Setup
[info] 
[info] Your public directory is the folder (relative to your project directory) that
[info] will contain Hosting assets to be uploaded with firebase deploy. If you
[info] have a build process for your assets, use your build's output directory.
[info] 
[debug] [2023-01-11T12:54:52.259Z] >>> [apiv2][query] GET https://www.gstatic.com/firebasejs/releases.json [none]
[debug] [2023-01-11T12:54:52.395Z] <<< [apiv2][status] GET https://www.gstatic.com/firebasejs/releases.json 200
[debug] [2023-01-11T12:54:52.396Z] <<< [apiv2][body] GET https://www.gstatic.com/firebasejs/releases.json {"current":{"version":"9.15.0","browserURL":"https://www.gstatic.com/firebasejs/9.15.0/firebase.js","packageURL":"https://www.gstatic.com/firebasejs/9.15.0/firebase.tgz"},"live":{"version":"9.15","browserURL":"https://www.gstatic.com/firebasejs/live/9.15/firebase.js","packageURL":"https://www.gstatic.com/firebasejs/live/9.15/firebase.tgz"},"components":{"analytics":"https://www.gstatic.com/firebasejs/9.15.0/firebase-analytics.js","app":"https://www.gstatic.com/firebasejs/9.15.0/firebase-app.js","app-check":"https://www.gstatic.com/firebasejs/9.15.0/firebase-app-check.js","auth":"https://www.gstatic.com/firebasejs/9.15.0/firebase-auth.js","auth/cordova":"https://www.gstatic.com/firebasejs/9.15.0/firebase-auth/cordova.js","auth/react-native":"https://www.gstatic.com/firebasejs/9.15.0/firebase-auth/react-native.js","functions":"https://www.gstatic.com/firebasejs/9.15.0/firebase-functions.js","firestore":"https://www.gstatic.com/firebasejs/9.15.0/firebase-firestore.js","firestore/lite":"https://www.gstatic.com/firebasejs/9.15.0/firebase-firestore/lite.js","installations":"https://www.gstatic.com/firebasejs/9.15.0/firebase-installations.js","storage":"https://www.gstatic.com/firebasejs/9.15.0/firebase-storage.js","performance":"https://www.gstatic.com/firebasejs/9.15.0/firebase-performance.js","remote-config":"https://www.gstatic.com/firebasejs/9.15.0/firebase-remote-config.js","messaging":"https://www.gstatic.com/firebasejs/9.15.0/firebase-messaging.js","messaging/sw":"https://www.gstatic.com/firebasejs/9.15.0/firebase-messaging/sw.js","database":"https://www.gstatic.com/firebasejs/9.15.0/firebase-database.js","firestore.memory":"https://www.gstatic.com/firebasejs/9.15.0/firebase-firestore.memory.js"}}
[info] +  Wrote public/index.html 
[info] 
[info] i  Detected a .git folder at D:\Shadab\__Max_Transport\responsive-website-delivery 
[info] i  Authorizing with GitHub to upload your service account to a GitHub repository's secrets store. 
[info] 
[info] Visit this URL on this device to log in:
[info] https://github.com/login/oauth/authorize?client_id=89cf50f02ac6aaed3484&state=187476633&redirect_uri=http%3A%2F%2Flocalhost%3A9005&scope=read%3Auser%20repo%20public_repo
[info] 
[info] Waiting for authentication...
[debug] [2023-01-11T12:55:05.144Z] >>> [apiv2][query] POST https://github.com/login/oauth/access_token [none]
[debug] [2023-01-11T12:55:05.144Z] >>> [apiv2][body] POST https://github.com/login/oauth/access_token [stream]
[debug] [2023-01-11T12:55:05.500Z] <<< [apiv2][status] POST https://github.com/login/oauth/access_token 200
[debug] [2023-01-11T12:55:05.500Z] <<< [apiv2][body] POST https://github.com/login/oauth/access_token {"access_token":"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","token_type":"bearer","scope":"read:user,repo"}
[debug] [2023-01-11T12:55:05.520Z] >>> [apiv2][query] GET https://api.github.com/user [none]
[debug] [2023-01-11T12:55:05.881Z] <<< [apiv2][status] GET https://api.github.com/user 200
[debug] [2023-01-11T12:55:05.881Z] <<< [apiv2][body] GET https://api.github.com/user {"login":"siddshadab","id":18269273,"node_id":"MDQ6VXNlcjE4MjY5Mjcz","avatar_url":"https://avatars.githubusercontent.com/u/18269273?v=4","gravatar_id":"","url":"https://api.github.com/users/siddshadab","html_url":"https://github.com/siddshadab","followers_url":"https://api.github.com/users/siddshadab/followers","following_url":"https://api.github.com/users/siddshadab/following{/other_user}","gists_url":"https://api.github.com/users/siddshadab/gists{/gist_id}","starred_url":"https://api.github.com/users/siddshadab/starred{/owner}{/repo}","subscriptions_url":"https://api.github.com/users/siddshadab/subscriptions","organizations_url":"https://api.github.com/users/siddshadab/orgs","repos_url":"https://api.github.com/users/siddshadab/repos","events_url":"https://api.github.com/users/siddshadab/events{/privacy}","received_events_url":"https://api.github.com/users/siddshadab/received_events","type":"User","site_admin":false,"name":"Shadab siddiqui","company":"Bottomline technologies","blog":"Shopsupplier.in","location":"Mumbai","email":"siddshadab7@gmail.com","hireable":null,"bio":"Shadab Siddiqui is having 6 years of experience as Java full stack developer with javascript , typescript, reactive programming,state management on various  lan","twitter_username":"Shadab26687242","public_repos":16,"public_gists":0,"followers":1,"following":1,"created_at":"2016-04-04T18:09:31Z","updated_at":"2023-01-11T12:55:29Z","private_gists":0,"total_private_repos":2,"owned_private_repos":2,"disk_usage":361411,"collaborators":0,"two_factor_authentication":false,"plan":{"name":"free","space":976562499,"collaborators":0,"private_repos":10000}}
[info] 
[info] +  Success! Logged into GitHub as siddshadab 
[info] 
